DeskSMS/proguard/seeds.txt
com.koushikdutta.desktopsms.ActivityBase
com.koushikdutta.desktopsms.ActivityBase: ActivityBase()
com.koushikdutta.desktopsms.BlackListActivity
com.koushikdutta.desktopsms.BlackListActivity: BlackListActivity()
com.koushikdutta.desktopsms.BootReceiver
com.koushikdutta.desktopsms.BootReceiver: BootReceiver()
com.koushikdutta.desktopsms.BuyActivity
com.koushikdutta.desktopsms.BuyActivity: BuyActivity()
com.koushikdutta.desktopsms.C2DMReceiver
com.koushikdutta.desktopsms.C2DMReceiver: C2DMReceiver()
com.koushikdutta.desktopsms.DateChangedReceiver
com.koushikdutta.desktopsms.DateChangedReceiver: DateChangedReceiver()
com.koushikdutta.desktopsms.DesktopSMSApplication
com.koushikdutta.desktopsms.DesktopSMSApplication: DesktopSMSApplication()
com.koushikdutta.desktopsms.MainActivity
com.koushikdutta.desktopsms.MainActivity: MainActivity()
com.koushikdutta.desktopsms.PhoneStateChangedReceiver
com.koushikdutta.desktopsms.PhoneStateChangedReceiver: PhoneStateChangedReceiver()
com.koushikdutta.desktopsms.SettingsReceiver
com.koushikdutta.desktopsms.SettingsReceiver: SettingsReceiver()
com.koushikdutta.desktopsms.SmsReceiver
com.koushikdutta.desktopsms.SmsReceiver: SmsReceiver()
com.koushikdutta.desktopsms.SyncService
com.koushikdutta.desktopsms.SyncService: SyncService()
com.koushikdutta.desktopsms.WidgetProvider
com.koushikdutta.desktopsms.WidgetProvider: WidgetProvider()
com.koushikdutta.desktopsms.plugin.EditActivity
com.koushikdutta.desktopsms.plugin.EditActivity: EditActivity()
com.koushikdutta.desktopsms.plugin.Enums: com.koushikdutta.desktopsms.plugin.Enums[] values()
com.koushikdutta.desktopsms.plugin.Enums: com.koushikdutta.desktopsms.plugin.Enums valueOf(java.lang.String)
com.koushikdutta.desktopsms.plugin.FireReceiver
com.koushikdutta.desktopsms.plugin.FireReceiver: FireReceiver()
...
com.amazon.inapp.purchasing.Offset
com.amazon.inapp.purchasing.Offset: java.lang.String BEGINNING_ENCODED
com.amazon.inapp.purchasing.Offset: com.amazon.inapp.purchasing.Offset BEGINNING
com.amazon.inapp.purchasing.Offset: java.lang.String _encodedOffset
com.amazon.inapp.purchasing.Offset: Offset(java.lang.String)
com.amazon.inapp.purchasing.Offset: com.amazon.inapp.purchasing.Offset fromString(java.lang.String)
com.amazon.inapp.purchasing.Offset: java.lang.String toString()
com.amazon.inapp.purchasing.Offset: void <clinit>()
com.amazon.inapp.purchasing.PurchaseRequest
com.amazon.inapp.purchasing.PurchaseRequest: java.lang.String _sku
com.amazon.inapp.purchasing.PurchaseRequest: PurchaseRequest(java.lang.String)
com.amazon.inapp.purchasing.PurchaseRequest: java.lang.Runnable getRunnable()
com.amazon.inapp.purchasing.PurchaseRequest: java.lang.String access$000(com.amazon.inapp.purchasing.PurchaseRequest)
com.amazon.inapp.purchasing.PurchaseRequest$1
com.amazon.inapp.purchasing.PurchaseRequest$1: com.amazon.inapp.purchasing.PurchaseRequest this$0
com.amazon.inapp.purchasing.PurchaseRequest$1: PurchaseRequest$1(com.amazon.inapp.purchasing.PurchaseRequest)
com.amazon.inapp.purchasing.PurchaseRequest$1: void run()
com.amazon.inapp.purchasing.PurchaseResponse
com.amazon.inapp.purchasing.PurchaseResponse: java.lang.String TO_STRING_FORMAT
com.amazon.inapp.purchasing.PurchaseResponse: java.lang.String _requestId
com.amazon.inapp.purchasing.PurchaseResponse: java.lang.String _userId
com.amazon.inapp.purchasing.PurchaseResponse: com.amazon.inapp.purchasing.Receipt _receipt
com.amazon.inapp.purchasing.PurchaseResponse: com.amazon.inapp.purchasing.PurchaseResponse$PurchaseRequestStatus _purchaseRequestStatus
com.amazon.inapp.purchasing.PurchaseResponse: PurchaseResponse(java.lang.String,java.lang.String,com.amazon.inapp.purchasing.Receipt,com.amazon.inapp.purchasing.PurchaseResponse$PurchaseRequestStatus)
com.amazon.inapp.purchasing.PurchaseResponse: java.lang.String getRequestId()
com.amazon.inapp.purchasing.PurchaseResponse: java.lang.String getUserId()
com.amazon.inapp.purchasing.PurchaseResponse: com.amazon.inapp.purchasing.Receipt getReceipt()
com.amazon.inapp.purchasing.PurchaseResponse: com.amazon.inapp.purchasing.PurchaseResponse$PurchaseRequestStatus getPurchaseRequestStatus()
com.amazon.inapp.purchasing.PurchaseResponse: java.lang.String toString()
com.amazon.inapp.purchasing.PurchaseResponse$PurchaseRequestStatus
com.amazon.inapp.purchasing.PurchaseResponse$PurchaseRequestStatus: com.amazon.inapp.purchasing.PurchaseResponse$PurchaseRequestStatus SUCCESSFUL
com.amazon.inapp.purchasing.PurchaseResponse$PurchaseRequestStatus: com.amazon.inapp.purchasing.PurchaseResponse$PurchaseRequestStatus FAILED
com.amazon.inapp.purchasing.PurchaseResponse$PurchaseRequestStatus: com.amazon.inapp.purchasing.PurchaseResponse$PurchaseRequestStatus INVALID_SKU
com.amazon.inapp.purchasing.PurchaseResponse$PurchaseRequestStatus: com.amazon.inapp.purchasing.PurchaseResponse$PurchaseRequestStatus ALREADY_ENTITLED
com.amazon.inapp.purchasing.PurchaseResponse$PurchaseRequestStatus: com.amazon.inapp.purchasing.PurchaseResponse$PurchaseRequestStatus[] $VALUES
com.amazon.inapp.purchasing.PurchaseResponse$PurchaseRequestStatus: com.amazon.inapp.purchasing.PurchaseResponse$PurchaseRequestStatus[] values()
com.amazon.inapp.purchasing.PurchaseResponse$PurchaseRequestStatus: com.amazon.inapp.purchasing.PurchaseResponse$PurchaseRequestStatus valueOf(java.lang.String)
com.amazon.inapp.purchasing.PurchaseResponse$PurchaseRequestStatus: PurchaseResponse$PurchaseRequestStatus(java.lang.String,int)
com.amazon.inapp.purchasing.PurchaseResponse$PurchaseRequestStatus: void <clinit>()