DeskSMS/proguard/mapping.txt
com.koushikdutta.desktopsms.ActivityBase -> com.koushikdutta.desktopsms.ActivityBase:
    com.koushikdutta.desktopsms.Settings mSettings -> a
    boolean mDestroyed -> b
    java.lang.String LOGTAG -> f
    android.widget.ListView mListView -> c
    com.koushikdutta.desktopsms.ActivityBase$MyAdapter mAdapter -> d
    java.util.HashMap mAdapters -> e
    com.koushikdutta.desktopsms.ListItem addItem(int,com.koushikdutta.desktopsms.ListItem) -> a
    com.koushikdutta.desktopsms.ListItem findItem(int) -> a
    boolean allowThemeOverride() -> a
    void onCreate(android.os.Bundle) -> onCreate
    void onDestroy() -> onDestroy
    int getListItemResource() -> b
com.koushikdutta.desktopsms.ActivityBase$1 -> com.koushikdutta.desktopsms.a:
    com.koushikdutta.desktopsms.ActivityBase this$0 -> a
    void onItemClick(android.widget.AdapterView,android.view.View,int,long) -> onItemClick
com.koushikdutta.desktopsms.ActivityBase$2 -> com.koushikdutta.desktopsms.b:
    com.koushikdutta.desktopsms.ActivityBase this$0 -> a
    boolean onItemLongClick(android.widget.AdapterView,android.view.View,int,long) -> onItemLongClick
com.koushikdutta.desktopsms.ActivityBase$MyAdapter -> com.koushikdutta.desktopsms.c:
    com.koushikdutta.desktopsms.ActivityBase this$0 -> a
    boolean areAllItemsEnabled() -> areAllItemsEnabled
    boolean isEnabled(int) -> isEnabled
com.koushikdutta.desktopsms.ActivityBase$MyListAdapter -> com.koushikdutta.desktopsms.d:
    com.koushikdutta.desktopsms.ActivityBase this$0 -> a
    android.view.View getView(int,android.view.View,android.view.ViewGroup) -> getView
    boolean areAllItemsEnabled() -> areAllItemsEnabled
    boolean isEnabled(int) -> isEnabled
com.koushikdutta.desktopsms.BlackListActivity -> com.koushikdutta.desktopsms.BlackListActivity:
    java.lang.String LOGTAG -> d
    android.content.SharedPreferences blacklist -> a
    android.widget.ListView listView -> b
    android.widget.ArrayAdapter listViewAdapter -> c
    void onCreate(android.os.Bundle) -> onCreate
    void updateNumbers() -> b
    void access$0(com.koushikdutta.desktopsms.BlackListActivity) -> a
    java.lang.String access$1() -> a
com.koushikdutta.desktopsms.BlackListActivity$1 -> com.koushikdutta.desktopsms.e:
    com.koushikdutta.desktopsms.BlackListActivity this$0 -> a
    android.view.View getView(int,android.view.View,android.view.ViewGroup) -> getView
com.koushikdutta.desktopsms.BlackListActivity$2 -> com.koushikdutta.desktopsms.f:
    com.koushikdutta.desktopsms.BlackListActivity this$0 -> a
    void onItemClick(android.widget.AdapterView,android.view.View,int,long) -> onItemClick
    com.koushikdutta.desktopsms.BlackListActivity access$0(com.koushikdutta.desktopsms.BlackListActivity$2) -> a
com.koushikdutta.desktopsms.BlackListActivity$2$1 -> com.koushikdutta.desktopsms.g:
    com.koushikdutta.desktopsms.BlackListActivity$2 this$1 -> a
    java.lang.String val$number -> b
    void onClick(android.content.DialogInterface,int) -> onClick
com.koushikdutta.desktopsms.BlackListActivity$3 -> com.koushikdutta.desktopsms.h:
    com.koushikdutta.desktopsms.BlackListActivity this$0 -> a
    android.widget.EditText val$numberToAdd -> b
    void onClick(android.view.View) -> onClick
com.koushikdutta.desktopsms.BootReceiver -> com.koushikdutta.desktopsms.BootReceiver:
    void onReceive(android.content.Context,android.content.Intent) -> onReceive
com.koushikdutta.desktopsms.BuyActivity -> com.koushikdutta.desktopsms.BuyActivity:
    java.lang.String mBuyerId -> f
    boolean allowThemeOverride() -> a
    void onCreate(android.os.Bundle) -> onCreate
    void onFinished(com.clockworkmod.billing.PurchaseResult) -> a
com.koushikdutta.desktopsms.BuyActivity$1 -> com.koushikdutta.desktopsms.i:
    com.koushikdutta.desktopsms.BuyActivity this$0 -> a
    com.clockworkmod.billing.ClockworkModBillingClient val$client -> i
    org.json.JSONObject val$data -> j
    void onClick(android.view.View) -> a
...
com.paypal.android.MEP.PayPal -> com.paypal.android.MEP.e:
    java.lang.String[] a -> a
    java.lang.String[] b -> b
    com.paypal.android.MEP.PayPal$a c -> c
    com.paypal.android.MEP.PayPal$b d -> d
    java.lang.Boolean e -> e
    com.paypal.android.c.a f -> f
    boolean g -> g
    java.lang.String h -> h
    java.lang.String i -> i
    com.paypal.android.MEP.PayPal getInstance() -> a
    com.paypal.android.MEP.PayPal initWithAppID(android.content.Context,java.lang.String,int) -> a
    void deinitialize() -> b
    void setLanguage(java.lang.String) -> a
    void setLibraryInitialized(boolean) -> a
    void onInitializeCompletedOK(int,java.lang.Object) -> a
    void onInitializeCompletedError(int,java.lang.Object) -> b
    android.content.Intent checkout(com.paypal.android.MEP.PayPalPayment,android.content.Context,com.paypal.android.MEP.PaymentAdjuster,com.paypal.android.MEP.PayPalResultDelegate) -> a
    android.content.Intent checkout(com.paypal.android.MEP.PayPalPayment,android.content.Context,com.paypal.android.MEP.PayPalResultDelegate) -> a
    android.content.Intent checkout(com.paypal.android.MEP.PayPalAdvancedPayment,android.content.Context,com.paypal.android.MEP.PaymentAdjuster,com.paypal.android.MEP.PayPalResultDelegate) -> a
    com.paypal.android.MEP.PayPalAdvancedPayment getPayment() -> c
    com.paypal.android.MEP.PayPalPreapproval getPreapproval() -> d
    android.content.Context getParentContext() -> e
    java.lang.String getAppID() -> f
com.paypal.android.MEP.PayPal$a -> com.paypal.android.MEP.f:
    com.paypal.android.MEP.PayPalAdvancedPayment a -> a
    com.paypal.android.MEP.PayPalPreapproval b -> b
    com.paypal.android.MEP.CheckoutButton c -> c
    android.content.Context d -> d
    java.lang.String e -> e
    java.lang.String f -> f
    java.lang.String g -> g
    java.lang.String h -> h
    java.lang.String i -> i
    int j -> j
    int k -> k
    int l -> l
    boolean m -> m
    boolean n -> n
com.paypal.android.MEP.PayPal$b -> com.paypal.android.MEP.g:
    java.lang.String a -> a
    java.lang.String b -> b
    java.lang.String c -> c
    int d -> d
    int e -> e
    boolean f -> f
    com.paypal.android.MEP.PayPal g -> g
com.paypal.android.MEP.PayPalActivity -> com.paypal.android.MEP.PayPalActivity:
    com.paypal.android.MEP.PaymentAdjuster a -> n
    com.paypal.android.MEP.PayPalResultDelegate b -> o
    com.paypal.android.MEP.PayPalActivity c -> p
    com.paypal.android.a.b _networkHandler -> a
    com.paypal.android.MEP.PayPal _paypal -> b
    java.util.Vector d -> q
    android.view.animation.Animation e -> r
    android.content.Intent f -> s
    boolean g -> t
    java.lang.String h -> u
    boolean transactionSuccessful -> c
    android.content.BroadcastReceiver i -> v
    java.lang.String LOGIN_SUCCESS -> d
    java.lang.String AUTH_SUCCESS -> e
    java.lang.String LOGIN_FAIL -> f
    java.lang.String CREATE_PAYMENT_SUCCESS -> g
    java.lang.String CREATE_PAYMENT_FAIL -> h
    java.lang.String FATAL_ERROR -> i
    android.content.BroadcastReceiver j -> w
    java.lang.String _pushIntent -> j
    java.lang.String _popIntent -> k
    java.lang.String _replaceIntent -> l
    java.lang.String _updateIntent -> m
    void onCreate(android.os.Bundle) -> onCreate
    void b() -> d
    java.lang.Object onRetainNonConfigurationInstance() -> onRetainNonConfigurationInstance
    void onDestroy() -> onDestroy
    void c() -> e
    boolean a(int) -> a
    com.paypal.android.MEP.PayPalActivity getInstance() -> a
    boolean onKeyDown(int,android.view.KeyEvent) -> onKeyDown
    void onAnimationEnd(android.view.animation.Animation) -> onAnimationEnd