DeskSMS/proguard/usage.txt
com.koushikdutta.desktopsms.ActivityBase:
    73:81:protected com.koushikdutta.desktopsms.ActivityBase$MyListAdapter ensureHeader(int)
com.koushikdutta.desktopsms.BuildConfig
com.koushikdutta.desktopsms.C2DMReceiver:
    public static final java.lang.String ACTION_REGISTRATION_RECEIVED
    public static final java.lang.String PING
com.koushikdutta.desktopsms.DesktopSMSApplication:
    static final java.lang.String CLOCKWORKMOD_PUBLICKEY
    static final java.lang.String MARKET_PUBLICKEY
com.koushikdutta.desktopsms.Helper:
    static final boolean SANDBOX
    24:24:public Helper()
    74:75:public static void showAlertDialog(android.content.Context,java.lang.String)
com.koushikdutta.desktopsms.ListItem:
    27:31:public void setTitle(int)
    70:72:public ListItem(com.koushikdutta.desktopsms.ActivityBase,java.lang.String,java.lang.String,int)
com.koushikdutta.desktopsms.Manifest
com.koushikdutta.desktopsms.Manifest$permission
com.koushikdutta.desktopsms.R
com.koushikdutta.desktopsms.R$attr
com.koushikdutta.desktopsms.R$drawable
com.koushikdutta.desktopsms.R$id
com.koushikdutta.desktopsms.R$layout
com.koushikdutta.desktopsms.R$menu
com.koushikdutta.desktopsms.R$string
com.koushikdutta.desktopsms.R$style
com.koushikdutta.desktopsms.R$xml
com.koushikdutta.desktopsms.SeparatedListAdapter:
    public static final int TYPE_SECTION_HEADER
    15:18:public void clear()
    82:82:public boolean areAllItemsSelectable()
com.koushikdutta.desktopsms.ServiceHelper:
    public static final java.lang.String BASE_URL
    public static final java.lang.String AUTH_URL
    public static final java.lang.String API_URL
    public static final java.lang.String REGISTER_URL
    public static final java.lang.String USER_URL
    public static final java.lang.String PING_URL
    public static final java.lang.String PUSH_URL
    public static final java.lang.String SETTINGS_URL
    public static final java.lang.String SMS_URL
    public static final java.lang.String CALL_URL
    public static final java.lang.String WHOAMI_URL
    public static final java.lang.String STATUS_URL
    public static final java.lang.String OUTBOX_URL
com.koushikdutta.desktopsms.Settings$1:
    private static final java.lang.String mDDL
com.koushikdutta.desktopsms.StreamUtility:
    38:39:public static java.lang.String downloadUriAsString(java.lang.String)
    44:51:public static java.lang.String downloadUriAsString(org.apache.http.client.methods.HttpUriRequest)
    55:55:public static org.json.JSONObject downloadUriAsJSONObject(java.lang.String)
    59:59:public static org.json.JSONObject downloadUriAsJSONObject(org.apache.http.HttpResponse)
    67:67:public static org.json.JSONObject downloadUriAsJSONObject(org.apache.http.client.methods.HttpUriRequest)
    71:71:public static java.lang.String downloadUriAsString(org.apache.http.HttpResponse)
    99:99:public static java.lang.String readFile(java.lang.String)
    103:106:public static java.lang.String readFile(java.io.File)
    110:111:public static void writeFile(java.io.File,java.lang.String)
    114:119:public static void writeFile(java.lang.String,java.lang.String)
com.koushikdutta.desktopsms.SyncHelper:
    14:14:public SyncHelper()
    37:65:static void sendLog(android.content.Intent)
com.koushikdutta.desktopsms.SyncHelper$1
com.koushikdutta.desktopsms.SyncService:
    public static final int INCOMING_SMS
    public static final int OUTGOING_SMS
    public static final int INCOMING_CALL
    public static final int OUTGOING_CALL
    public static final int MISSED_CALL
    308:326:void sendUsingContentProvider(android.content.Context,java.lang.String,java.lang.String)
com.koushikdutta.desktopsms.TickleServiceHelper:
    static final java.lang.String AUTH_TOKEN_TYPE
com.koushikdutta.desktopsms.WakeLock:
    private static final java.lang.String LOGTAG
    26:26:WakeLock()
    33:39:static void acquire(android.content.Context)
...
android.support.v4.app.BackStackRecord:
    static final java.lang.String TAG
    static final int OP_NULL
    static final int OP_ADD
    static final int OP_REPLACE
    static final int OP_REMOVE
    static final int OP_HIDE
    static final int OP_SHOW
    static final int OP_DETACH
    static final int OP_ATTACH
    269:269:public int getId()
    273:273:public int getBreadCrumbTitleRes()
    277:277:public int getBreadCrumbShortTitleRes()
    281:284:public java.lang.CharSequence getBreadCrumbTitle()
    288:291:public java.lang.CharSequence getBreadCrumbShortTitle()
    308:309:public android.support.v4.app.FragmentTransaction add(android.support.v4.app.Fragment,java.lang.String)
    313:314:public android.support.v4.app.FragmentTransaction add(int,android.support.v4.app.Fragment)
    318:319:public android.support.v4.app.FragmentTransaction add(int,android.support.v4.app.Fragment,java.lang.String)
    323:351:private void doAddOp(int,android.support.v4.app.Fragment,java.lang.String,int)
    354:354:public android.support.v4.app.FragmentTransaction replace(int,android.support.v4.app.Fragment)
    358:363:public android.support.v4.app.FragmentTransaction replace(int,android.support.v4.app.Fragment,java.lang.String)
    367:377:public android.support.v4.app.FragmentTransaction remove(android.support.v4.app.Fragment)
    381:390:public android.support.v4.app.FragmentTransaction hide(android.support.v4.app.Fragment)
android.support.v4.app.DialogFragment
android.support.v4.app.Fragment:
    static final int INITIALIZING
    static final int CREATED
    static final int ACTIVITY_CREATED
    static final int STOPPED
    static final int STARTED
    static final int RESUMED
    455:455:public final int getId()
    462:462:public final java.lang.String getTag()
    473:477:public void setArguments(android.os.Bundle)
    484:484:public final android.os.Bundle getArguments()
    496:501:public void setInitialSavedState(android.support.v4.app.Fragment$SavedState)
    515:517:public void setTargetFragment(android.support.v4.app.Fragment,int)
    523:523:public final android.support.v4.app.Fragment getTargetFragment()
    530:530:public final int getTargetRequestCode()
    544:547:public final android.content.res.Resources getResources()
    557:557:public final java.lang.CharSequence getText(int)
    567:567:public final java.lang.String getString(int)
    580:580:public final varargs java.lang.String getString(int,java.lang.Object[])
    591:591:public final android.support.v4.app.FragmentManager getFragmentManager()
    598:598:public final boolean isAdded()
    607:607:public final boolean isDetached()
    616:616:public final boolean isRemoving()
    627:627:public final boolean isInLayout()
    635:635:public final boolean isResumed()
    644:644:public final boolean isVisible()
    656:656:public final boolean isHidden()
    684:685:public void setRetainInstance(boolean)
    688:688:public final boolean getRetainInstance()
android.support.v4.app.Fragment$SavedState:
    285:287:Fragment$SavedState(android.os.Bundle)
android.support.v4.app.FragmentActivity:
    private static final java.lang.String TAG
    private static final java.lang.String FRAGMENTS_TAG
    private static final int HONEYCOMB
    static final int MSG_REALLY_STOPPED
    static final int MSG_RESUME_PENDING
    627:627:public android.support.v4.app.FragmentManager getSupportFragmentManager()
    647:655:public void startActivityFromFragment(android.support.v4.app.Fragment,android.content.Intent,int)
    676:681:public android.support.v4.app.LoaderManager getSupportLoaderManager()
android.support.v4.app.FragmentActivity$FragmentTag:
    public static final int Fragment_id
    public static final int Fragment_name
    public static final int Fragment_tag
    113:113:FragmentActivity$FragmentTag()